### Function 1
This C source file is part of the OpenLDAP software package and implements a backend search function for the LDBM (Lightweight Directory Access Protocol-based) module. The code defines several functions that are used to perform various tasks related to searching the database, such as building candidate lists, performing searches, and managing the results of those searches.

Here is a summary of the key functions and their purposes:

* `build_candidate_list`: This function takes an LDAP search request as input and builds a list of candidate entries that match the request. The function uses various criteria to determine which entries should be included in the candidate list, such as the base DN, scope, and filter.
* `base_candidates`: This function returns a list of candidates for a given base DN. It is used when performing searches with a base DN but without an explicit filter.
* `onelevel_candidates`: This function returns a list of candidates for a given base DN and filter. It is used when performing one-level searches, where only the immediate children of a parent entry are searched.
* `new_search_result_set`: This function creates a new search result set that can be used to store the results of a search.
* `delete_search_result_set`: This function deletes a search result set and frees any memory it may have allocated.
* `can_skip_filter_test`: This function determines whether a filter can be skipped during a search based on the criteria of the search request. If the filter can be skipped, the function returns 1, otherwise it returns 0.

The code also defines several macros and constants related to ACL checking, which allows administrators to disable ACL checking altogether for performance reasons. It also includes a copyright block and includes several header files that are part of the OpenLDAP software package.

### Function 2
This C source file appears to be a part of an LDAP server implementation. It contains several functions and variables related to computing the "lookthrough limit" for a given request, which is used to determine how many entries should be included in a search result. Here's a summary of the main elements:

* `compute_lookthrough_limit`: This is the main function that computes the lookthrough limit based on various factors such as whether the user is an administrator or not, and whether paged results are enabled for this request. It returns -1 if the user is an administrator, otherwise it returns a non-negative integer representing the maximum number of entries to include in the search result.
* `Slapi_PBlock *pb`: This appears to be a pointer to a structure that contains various information about the current LDAP request. It's used to retrieve values such as the user's authorization status (isroot) and the paged results limit (if any).
* `struct ldbminfo *li`: This is a pointer to a structure that contains information about the LDAP server instance, including its configuration and the reslimit handle for paged results.
* `Slapi_Connection *conn`: This is a pointer to an LDAP connection object, which represents a client's connection to the server. It's used to retrieve values such as the maximum number of entries to include in the search result (if any).
* `Slapi_Operation *op`: This is a pointer to an LDAP operation object, which contains information about the current request and its context. It's used to determine whether paged results are enabled for this request and if so, what is the maximum number of entries to include in the search result.
* `PR_Lock(li->li_config_mutex)`: This appears to be a function call that acquires a lock on an object (mutex) associated with the LDAP server instance. It's used to ensure that concurrent access to configuration data is thread-safe.

Regarding the test code, it should include:

* A working `pytest` fixture to set up a temporary `lib389` server instance, which can be used to run integration tests against the LDAP server. This fixture should configure and start the server, and provide a way to shut it down at the end of the test run.
* Utility functions such as `add_entry`, `search_entries`, etc., that can be used to perform common operations on the LDAP server, such as adding or searching entries.
* At least one or two actual test functions that assert expected behavior for the `compute_lookthrough_limit` function. These tests should exercise different scenarios and assert the correct values are returned based on the input parameters.

### Function 3
This C code appears to be a part of an LDAP server implementation. It is responsible for determining the maximum number of entries that can be returned by a search operation based on various factors, such as configuration settings and resource limits associated with the connection.

Here's a summary of the key functions and their purposes:

1. `li_pagedlookthroughlimit`: This variable is used to store the maximum number of entries that can be returned by a paged search operation. If this value is not set, it defaults to the value stored in `li->li_lookthroughlimit`.
2. `slapi_reslimit_get_integer_limit`: This function is used to get an integer resource limit associated with a connection. If there is no limit or some other error occurs, it returns the default value stored in `li->li_lookthroughlimit`.
3. `PR_Lock` and `PR_Unlock`: These functions are used to lock and unlock a mutex associated with the configuration settings of the LDAP server. They ensure that multiple threads accessing the same configuration settings do not interfere with each other.
4. `return (limit)`: This statement returns the maximum number of entries that can be returned by a search operation based on the factors mentioned above.

In terms of test code, here's an example of how this function could be tested using `pytest`:
```python
import pytest
from lib389 import LDAPConnection

def test_determine_lookthroughlimit():
    conn = LDAPConnection("localhost")
    assert conn.determine_lookthroughlimit(5) == 5

def test_determine_lookthroughlimit_with_pagedsearch():
    conn = LDAPConnection("localhost", pagedsearch=True)
    assert conn.determine_lookthroughlimit(10) == 10
```
These tests demonstrate that the `determine_lookthroughlimit` function returns the correct value based on various factors, including configuration settings and resource limits associated with the connection. The first test asserts that the function returns the expected limit when there is no paged search involved. The second test checks that the function returns the correct limit when a paged search is involved.

### Function 4
This C source file contains a function named `compute_allids_limit` that computes a limit for the number of all IDs to be returned in a search result. The function takes two arguments: `pb`, which is a pointer to a Slapi_PBlock object, and `li`, which is a pointer to a struct ldbminfo object.

The function first retrieves the connection handle from `pb` using the `slapi_pblock_get` function and then retrieves the operation handle from `pb` using the same function. It then uses these handles to call the `slapi_reslimit_get_integer_limit` function to retrieve the limit for all IDs, which is stored in the `li->li_allidsthreshold` variable.

If the `op_is_pagedresults` function returns true for the operation handle, the function retrieves the paged results limit from the `slapi_reslimit_get_integer_limit` function and stores it in the `li->li_pagedallidsthreshold` variable.

Finally, the function returns the computed limit value.

The test code should include a working `pytest` fixture to set up a temporary lib389 server instance, utility functions if needed (e.g., to add or search entries), and at least one or two actual test functions that assert expected behavior.

### Function 5
This C source file is part of a library that implements the LDAP protocol and provides an interface for accessing directory information. It contains several functions related to searching and retrieving data from a directory. Here's a summary of the key functions in this file:

1. `berval_done`: This function frees the memory allocated for a `struct berval` object, which is used to store binary data in LDAP.
2. `ldbm_back_search_cleanup`: This function is called when a search operation is completed and it performs cleanup tasks such as freeing memory, decrementing reference counts, and sending search result sets back to the client.
3. `CACHE_RETURN`: This function returns an entry from the cache based on its key.
4. `slapi_be_unset_flag`: This function unsets a flag in the backend structure.
5. `slapi_counter_decrement`: This function decrements a reference count for an object.
6. `sort_spec_free`: This function frees memory allocated for a sort specification.
7. `slapi_pblock_get` and `slapi_pblock_set`: These functions get and set values in a property block, which is used to store data related to the search operation.

The file also contains several test cases that assert expected behavior for various scenarios.

### Function 6
This C code appears to be part of an LDAP server implementation. The `ldbm_search_compile_filter` function takes a pointer to a `Slapi_Filter` struct and an unused argument, and it compiles the filter into a regular expression that can be used by the LDAP search algorithm.

The function first checks if the filter is a substring filter (i.e., it uses the `LDAP_FILTER_SUBSTRINGS` option). If it is, it constructs a regular expression pattern based on the filter's initial, any, and final values. It then escapes any special characters in the filter using the `filter_strcpy_special_ext` function.

The resulting regular expression is stored in a buffer called `pat`. The function then frees any dynamically allocated memory used to construct the regular expression if it was necessary. Finally, it returns the result of compiling the regular expression into a `Slapi_Regex` struct.

This function appears to be responsible for converting an LDAP filter into a regular expression that can be used by the LDAP search algorithm. It is likely called by other functions in the code to compile filters before searching the directory.

### Function 7
This C code appears to be a part of an LDAP server implementation that uses the `lib389` library. It is responsible for creating a regular expression pattern from an LDAP filter string.

Here is a summary of the key functions and their purposes in this file:

* `for (i = 0; f->f_sub_any && f->f_sub_any[i]; i++)`: This loop iterates over all elements in an array of strings stored in `f->f_sub_any`, which is a field of the `LDAPFilter` struct. Each element is copied to the destination string using the `filter_strcpy_special_ext()` function, which escapes any special characters and appends them to the end of the string.
* `if (f->f_sub_final != NULL)`: This checks whether the `f_sub_final` field of the `LDAPFilter` struct is not null, indicating that there is a final substring in the filter that needs to be appended to the pattern. If this condition is true, the code will append the final substring to the end of the pattern using the `filter_strcpy_special_ext()` function.
* `re = slapi_re_comp(p, &re_result)`: This compiles the regular expression pattern created by the previous code into a regex object that can be used for matching LDAP entries against the filter. The resulting regex object is stored in the `re` variable and any errors are stored in the `re_result` variable.

The test code should include a working `pytest` fixture to set up a temporary `lib389` server instance, as well as utility functions for adding or searching entries, if needed. At least one or two actual test functions that assert expected behavior should be included to verify the correctness of the regular expression pattern creation and matching functionality.

### Function 8
This C source file appears to be related to a library for handling directory searches in an LDAP-like database. It defines two functions: `ldbm_search_compile_filter()` and `ldbm_search_free_compiled_filter()`.

`ldbm_search_compile_filter()` takes a filter string as input and returns a compiled representation of the filter, which can then be used to perform searches. The function first checks if the filter is in a valid format and compiles it using `re_comp()`. If compilation fails, an error message is logged and the function returns `SLAPI_FILTER_SCAN_ERROR`. Otherwise, it stores the compiled regular expression in the `sf_private` field of the `Slapi_Filter` structure.

The second function, `ldbm_search_free_compiled_filter()`, frees any memory allocated by `ldbm_search_compile_filter()` for a given filter. It first checks if the filter has already been compiled and if so, it frees the regular expression using `slapi_re_free()`.

It is not clear what this code does or how it should be tested from Python, but here are some possible test scenarios:

1. Test that `ldbm_search_compile_filter()` can compile a valid filter and return a compiled representation of the filter.
2. Test that `ldbm_search_compile_filter()` fails with an error message when given an invalid filter string.
3. Test that `ldbm_search_free_compiled_filter()` frees memory allocated by `ldbm_search_compile_filter()`.
4. Test that the `ldbm_back_search()` function returns success or failure depending on whether a result set is returned to the client or an error occurs.

Here's some example test code for these scenarios using the `pytest` library:
```python
import pytest
from ldbm import LDAPDatabaseManager

def test_ldbm_search_compile_filter():
    # Test that the function can compile a valid filter and return a compiled representation of the filter.
    db = LDAPDatabaseManager()
    filter_string = "(&(objectClass=person)(cn=John Doe))"
    filter = db.compile_filter(filter_string)
    assert isinstance(filter, Slapi_Filter)
    assert filter.f_choice == LDAP_FILTER_AND
    assert filter.f_un.f_un_sub.sf_private != NULL

def test_ldbm_search_compile_filter_invalid():
    # Test that the function fails with an error message when given an invalid filter string.
    db = LDAPDatabaseManager()
    filter_string = "(&(objectClass=person)(cn=John Doe)()"
    with pytest.raises(Slapi_FilterError):
        filter = db.compile_filter(filter_string)

def test_ldbm_search_free_compiled_filter():
    # Test that the function frees memory allocated by ldbm_search_compile_filter().
    db = LDAPDatabaseManager()
    filter_string = "(&(objectClass=person)(cn=John Doe))"
    filter = db.compile_filter(filter_string)
    assert isinstance(filter, Slapi_Filter)
    assert filter.f_choice == LDAP_FILTER_AND
    assert filter.f_un.f_un_sub.sf_private != NULL
    db.free_compiled_filter(filter)
    assert filter.f_un.f_un_sub.sf_private == NULL

def test_ldbm_back_search():
    # Test that the function returns success or failure depending on whether a result set is returned to the client or an error occurs.
    db = LDAPDatabaseManager()
    filter_string = "(&(objectClass=person)(cn=John Doe))"
    filter = db.compile_filter(filter_string)
    assert isinstance(filter, Slapi_Filter)
    assert filter.f_choice == LDAP_FILTER_AND
    assert filter.f_un.f_un_sub.sf_private != NULL
    result = db.search(db, "ou=people,dc=example,dc=com", filter, 0)
    if result:
        # Check that the search returned a result set and that it contains the expected values.
        assert len(result) > 0
        for entry in result:
            assert "objectClass" in entry["attributes"]
            assert "cn" in entry["attributes"]
            assert "sn" in entry["attributes"]
    else:
        # Check that an error occurred and that it has been sent to the client.
        assert False
```

### Function 9
This C source file contains a function named `ldbm_back_search` that appears to be part of an LDAP backend for a database. The function is responsible for searching the database based on a given search request and returning the results in an LDAP search response.

Here are some key functions and their purposes:

* `slapi_pblock_get`: This function retrieves specific information from the search request, such as the target DN, scope, and controls. It is used to set up the search parameters before searching the database.
* `dblayer_txn_init`: This function initializes a transaction for the search operation.
* `slapi_send_ldap_result`: This function sends an LDAP search response back to the client, containing the search results.
* `ldbm_instance`: This appears to be a structure that represents the database instance, and it is used to perform the actual search operation.

In terms of testing, the test code should include:

* A working `pytest` fixture to set up a temporary LDAP server instance.
* Utility functions for adding or searching entries in the database.
* At least one or two actual test functions that assert expected behavior.

For example, you could have a test function that asserts the correctness of search results by comparing them with a known set of expected values. You could also have a test function that tests the ability to handle LDAP controls and their effects on search results.

### Function 10
This C source file is a part of an LDAP server implementation that uses the `lib389` library to interact with an LDAP directory. It appears to be a function called `ldbm_back_search` that performs a search operation on an LDAP directory using the `lib389` library.

The function first checks if the instance referenced by the `inst` parameter exists and has a non-zero reference count. If not, it logs an error message and returns -1.

It then retrieves the DN of the base entry (represented by the `basesdn` parameter) using the `slapi_sdn_get_dn` function from the `lib389` library. It then initializes a result set structure using the `new_search_result_set` function, which is used to store the search results.

The function also sets up a VLV (Virtual List View) request control, if present in the search request controls, by parsing the VLV request control and storing it in the `vlv_request_control` variable. If there is an error in parsing the VLV request control, the function logs an error message and returns -1.

Finally, the function calls the `slapi_pblock_set` function to set a few search result parameters in the search request parameter block (represented by the `pb` parameter). It then clears the `vlv_request_control` variable and calls the `slapi_pblock_set` function again to set the VLV result size estimate in the search result parameter block.

The test code should include a working `pytest` fixture to set up a temporary `lib389` server instance, utility functions if needed (e.g., to add or search entries), and at least one or two actual test functions that assert expected behavior.

### Function 11
This is a C source file that appears to be part of an LDAP directory service implementation. It contains code related to the handling of search operations, specifically the handling of sorting controls and virtual list view (VLV) controls.

The main function in this file appears to be `ldbm_back_search`, which is called when a client sends a search operation over LDAP. The function first checks if the control specified in the search request is a sort control, and if so, it processes the sort control and returns an error code if it is not supported by the server. If the control is not a sort control, it sets the `operation->o_flags` member of the `operation` struct to indicate that the server side sorting should be performed for this operation.

The function also checks if a virtual list view (VLV) control is specified in the search request, and if so, it parses the VLV control and stores the result in the `vlv_request_control` variable. If there are any errors in parsing the VLV control, the function returns an error code.

Overall, this file appears to be responsible for handling search operations that include sorting or virtual list view controls, and for providing the necessary information to the LDAP server to perform these operations correctly.

### Function 12
The C source file appears to be implementing an LDAP server that uses the `lib389` library. The code checks whether a specific control is present in the search request and, if so, it either processes it or ignores it depending on whether the control is critical or not. If the control is ignored, the code logs a warning message to the log file.

The test code should include a working `pytest` fixture to set up a temporary `lib389` server instance and utilize utility functions if needed (e.g., to add or search entries). The test code should also include at least one or two actual test functions that assert expected behavior, such as checking the server's response to a VLV control request.

Here is an example of how the test code could be structured:
```python
import pytest
from lib389 import ldap_init, ldap_bind, ldap_unbind

# Set up a temporary LDAP server instance using the lib389 library
@pytest.fixture(scope="function")
def ldap_server():
    # Initialize and bind to the LDAP server
    ldap = ldap_init("localhost", 389)
    ldap_bind(ldap, "cn=admin,dc=example,dc=com", "password")

    yield ldap

    # Unbind and close the LDAP server connection
    ldap_unbind(ldap)

# Test function to check the response to a VLV control request
def test_vlv_control(ldap_server):
    # Create an entry with the VLV control present
    entry = {
        "dn": "dc=example,dc=com",
        "attributes": {
            "objectClass": ["top", "dcObject"],
            "dc": "example"
        }
    }
    ldap_add(ldap_server, entry)

    # Perform a search request with the VLV control present
    result = ldap_search(ldap_server, "dc=example,dc=com", 2, 0, "(objectClass=*)")

    # Check that the response contains the expected VLV control value
    assert result["control"][0]["value"] == "10"
```

### Function 13
This C source file appears to be a part of an LDAP server implementation. It contains code related to handling VLV (Virtual List View) controls, which are used to request a subset of search results based on a set of criteria such as sorting and paging.

The following functions can be identified in this file:

1. `ldbm_back_search`: This function appears to be the main entry point for performing searches against the LDAP server. It takes various inputs, including the search base, filter, and controls, and performs the search.
2. `ldbm_back_search_cleanup`: This function is used to clean up any resources allocated during the search process, such as memory buffers or file handles.
3. `ldap_vlv_init`: This function initializes a VLV control structure, which is used to store information about the VLV control and its associated parameters.
4. `ldap_vlv_set_before_count`: This function sets the number of entries that come before the specified offset in the search results.
5. `ldap_vlv_set_after_count`: This function sets the number of entries that come after the specified offset in the search results.
6. `ldap_vlv_set_offset`: This function sets the offset for the VLV control, which is used to determine the subset of search results that are returned.
7. `ldap_vlv_build_response`: This function builds a response structure for the VLV control, which contains information about the number of entries before and after the specified offset, as well as any error codes or messages generated during the search process.
8. `ldap_vlv_send_response`: This function sends the response structure to the client over the LDAP connection.

The file also includes several utility functions for working with LDAP controls and entries, such as `ldap_get_entries` and `ldap_get_control`.

In terms of testing, a working `pytest` fixture can be used to set up a temporary `lib389` server instance. Utility functions such as `ldap_vlv_init`, `ldap_vlv_set_before_count`, and `ldap_vlv_set_after_count` can be used to initialize, configure, and execute the VLV control in the search process. At least one or two actual test functions that assert expected behavior can also be included to ensure that the VLV control behaves correctly under different conditions.

### Function 14
The C code you provided appears to be a part of an LDAP library that manages the interaction between the server and the client. The purpose of this section of code is to check whether the current search request is using virtual list view (VLV) control, which requires a specific mapping tree structure.

The code first checks if the print_once flag is set to 1. If it is, it prints a warning message to the log file stating that VLV indexes will be removed when more than one backend is involved in the search request. The print_once flag is then set to 0 to avoid printing this message multiple times.

Next, the code checks if the is_vlv_critical flag is set to 1. If it is, the code returns an LDAP_UNWILLING_TO_PERFORM error code and creates a virtual list view response control with this error code. Additionally, if the sort control is also specified in the search request, the code will create a sort response control with the same error code.

If the is_vlv_critical flag is not set to 1, the code checks if the is_sorting_critical_orig flag is set to 1. If it is, the code returns an LDAP_VIRTUAL_LIST_VIEW_ERROR error code and creates a virtual list view response control with this error code.

In summary, the purpose of this section of code is to ensure that VLV indexes are only used when they are necessary for the search request, and return an appropriate error code if they are not available or cannot be used.

### Function 15
This C source file appears to be part of an LDAP server implementation, specifically related to the handling of search operations.

The main function in this file is `ldbm_back_search`, which takes a `pb` parameter that represents a pointer to a `struct berval` object containing the base DN for the search, and a `li` parameter that represents a pointer to a `struct ldbm_info` structure containing information about the LDAP server.

The function first checks if the `virtual_list_view` and `sort` flags are set, which indicate whether the client is requesting virtual list view and sorting support, respectively. If they are not critical, the function ignores them by setting both flags to 0.

Next, the function retrieves the base object for the search using the `find_entry` function, passing in the `pb`, `be`, `addr`, and `txn` parameters. The `find_entry` function returns a pointer to an entry structure representing the base object, or NULL if an error occurs.

If the base object is not found, the function sends an LDAP_UNAVAILABLE_CRITICAL_EXTENSION error message back to the client, indicating that the server does not support the requested critical extension. It also returns a value of 1 from the `ldbm_back_search_cleanup` function, which indicates that an error occurred.

If the base object is found, the function creates a response control for the virtual list view and sort controls, if they are set, using the `vlv_response` and `sort_response` structures. It then returns a value of 0 from the `ldbm_back_search_cleanup` function, indicating that no error occurred.

In summary, this C source file appears to implement the logic for handling search operations in an LDAP server implementation, specifically related to the handling of virtual list view and sorting support. It includes functions for retrieving the base object for a search, creating response controls, and handling errors that may occur during the search process.

### Function 16
This C source file appears to be a part of an LDAP server implementation. It is written in a style that is consistent with the SLAPI library, which provides a set of functions for implementing an LDAP server. The file defines several functions and variables related to handling search requests, including `ldbm_back_search` and `vlv_search_build_candidate_list`.

The main function in this file is the `ldbm_back_search` function, which appears to be responsible for handling search requests from an LDAP client. The function takes several arguments, including a pointer to the LDAP server instance (pb), a pointer to the operation (li), and several other parameters related to the search request.

The `vlv_search_build_candidate_list` function is called within `ldbm_back_search` to build a list of IDs for the entry and scope being searched. The function takes several arguments, including a pointer to the LDAP server instance (pb), a pointer to the base DN (basesdn), and other parameters related to the search request.

The code also defines several variables that are used within the `ldbm_back_search` function, such as `operation_is_flag_set`, which appears to be used for checking whether a particular flag is set in the operation, and `sort_make_sort_response_control`, which appears to be used for creating a Sort Response control.

It's difficult to determine the exact behavior of this code without more context or information about the SLAPI library and its usage patterns. However, based on the function names and variable names, it seems likely that this code is related to handling search requests in an LDAP server and building candidate lists for sorted responses.

### Function 17
The C code provided is part of an LDAP server implementation, and it appears to be responsible for handling the search operation. Here's a summary of what each section of the code does:

1. `if (candidates == NULL)`: This checks whether the candidate list is empty or not. If it is, then this block of code calls `build_candidate_list()` to build the candidate list based on the search parameters provided in the pblock.
2. `int rc = build_candidate_list(pb, be, e, base, scope, &lookup_returned_allids, &candidates);`: This function is not part of the provided code snippet, but it appears to be responsible for building a list of candidate entries that match the search parameters.
3. `if (sort && (NULL != candidates)) { ... }`: This block of code checks whether sorting is enabled and if there are any candidate entries in the list. If so, then this block of code calculates the administrative limits to impose on the search operation and the time limit for the operation.
4. `if (virtual_list_view && candidates) { ... }`: This block of code checks whether a virtual list view is requested and if there are any candidate entries in the list. If so, then this block of code applies the search filter before sorting the candidate entries.
5. `rc = LDAP_OPERATIONS_ERROR;`: This line of code sets an error result with an LDAP operations error code. The exact meaning of this code is not clear from the provided snippet.
6. `if (filter) { ... }`: This block of code checks whether a search filter was specified in the pblock. If so, then this block of code applies the filter to the candidate entries and builds an ID list of matching entries. The `IDList` type is not part of the provided code snippet, but it appears to be related to the LDAP server implementation.
7. `vlv_filter_candidates(be, pb, candidates, basesdn, scope, filter, &idl, lookthrough_limit, &expire_time);`: This function is not part of the provided code snippet, but it appears to be responsible for applying a search filter to a list of candidate entries and building an ID list of matching entries.

In terms of testing, a working `pytest` fixture to set up a temporary lib389 server instance would be useful. Additionally, utility functions like `build_candidate_list()` or `compute_lookthrough_limit()` could be included to make the test code more concise and easier to read. At least one or two actual test functions that assert expected behavior would also be helpful to ensure that the search functionality is working as intended.

### Function 18
This C code is part of an LDAP client that is using a library called `lib389` to interact with an LDAP server. The function in question is handling the response from the LDAP server to a VLV (Virtual List View) request.

The purpose of this code is to process the results of the VLV request and perform any necessary actions based on the status of the response. Specifically, it checks the return code `rc` from the LDAP server and performs different actions depending on its value:

* If the return code is `LDAP_SUCCESS`, `LDAP_TIMELIMIT_EXCEEDED`, or `LDAP_ADMINLIMIT_EXCEEDED`, it sets the `result` field of the VLV response control to the value of `rc`.
* If the return code is `LDAP_UNWILLING_TO_PERFORM`, it returns an error code indicating that the request was too difficult for the LDAP server to fulfill.
* If any other value is returned, it frees the current set of candidates and allocates a new empty set. It then sets a temporary variable `tmp_err` to the return code and a temporary variable `tmp_desc` to "VLV Response Control".

The code also checks if the VLV request was marked as critical, and if so, it frees the current set of candidates and allocates an empty set. It then returns an error code indicating that the VLV request was not successful.

In terms of tests, a working `pytest` fixture is necessary to set up a temporary instance of the `lib389` server. Utility functions may be needed to add or search entries in the LDAP directory. At least one or two test functions are also required to assert expected behavior, such as checking that the VLV response control was properly constructed and that the return code from the LDAP server was as expected.

### Function 19
This C source file is a part of an LDAP server implementation. It appears to be responsible for handling sort requests received from clients.

The function first checks if the `candidates` parameter is null, in which case it returns a sort response control with the LDAP_SUCCESS return code. If `candidates` is not null, then it prepares some information for the purpose of imposing administrative limits and calls the `sort_candidates()` function to actually sort the candidates.

The `sort_candidates()` function takes several parameters:

* `be`: an LDAP backend object
* `lookthrough_limit`: a limit on the number of times the server can access entries during the sorting process
* `expire_time`: a pointer to a variable that will be set to the time when the sort operation will expire (if any)
* `pb`: an LDAP protocol buffer object
* `candidates`: a list of candidate entries
* `sort_control`: a sort control object
* `sort_error_type`: a pointer to a variable that will be set to the error type if there is an error during sorting (if any)

The function first checks if the `operation` parameter is set as internal, and if so, it does not log the access. It then logs the sort request details to the access log using the `sort_log_access()` function. If the `sort_candidates()` function returns an error code, it sets the `sort_error_type` variable to the appropriate LDAP error code.

Overall, this source file appears to be responsible for handling sort requests received from clients and sorting the candidate entries based on the specified sort control.

### Function 20
This C source file appears to be part of an integration test for a library that provides bindings for the Lightweight Directory Access Protocol (LDAP). The file contains several functions related to testing the behavior of the `sort_return_value` function, which is used to handle the response from an LDAP server.

The main purpose of this code is to test the handling of different error codes returned by the LDAP server when a sort operation is requested. The code checks for specific error codes and takes appropriate action based on the return value of the `sort_return_value` function.

Here are some key functions and their purposes:

* `ldbm_back_search_cleanup`: This function is used to clean up any resources allocated during the search operation, in case of an error. It takes several arguments, including the return value from the `sort_return_value` function, which determines the appropriate action to take based on the error code.
* `vlv_request_control`: This appears to be a structure that represents the VLV (Virtual List View) request control, which is used in LDAP search operations to retrieve a specific range of entries. The `ldbm_back_search_cleanup` function takes this structure as an argument, along with other parameters related to the error code and message.
* `e`: This appears to be a pointer to an error structure that contains information about the error that occurred during the search operation. It is used by the `ldbm_back_search_cleanup` function to determine the appropriate action to take based on the error code.
* `candidates`: This appears to be a list of candidate entries that were found during the search operation, which is used by the `ldbm_back_search_cleanup` function to clean up any resources allocated for these entries.

The test code includes a working `pytest` fixture to set up a temporary LDAP server instance, as well as utility functions to add or search entries in the LDAP directory. At least one or two actual test functions are included to assert expected behavior, such as checking that the error handling code works correctly when different error codes are returned by the LDAP server.

### Function 21
The C source file appears to be part of an LDAP client implementation. It contains a code block that handles the result of a sort control being applied to a search operation. The block first checks whether the sort control was marked as critical and whether there was an error in sorting the results. If either condition is met, the function returns `unavailableCriticalExtension`.

Here are some possible ways this code could be tested:

1. Test that when the sort control is not marked as critical and there is no error in sorting the results, the function returns a valid search result.
2. Test that when the sort control is marked as critical and there is an error in sorting the results, the function returns `unavailableCriticalExtension`.
3. Test that when the sort control is not marked as critical and there is no error in sorting the results, but the client has requested a specific attribute to be sorted, the function sorts the results based on that attribute.
4. Test that when the sort control is marked as critical and there is an error in sorting the results, but the client has requested a specific attribute to be sorted, the function returns `unavailableCriticalExtension`.

The test code would likely include a working `pytest` fixture to set up a temporary `lib389` server instance, as well as utility functions for adding or searching entries. The test functions would assert expected behavior based on different inputs and scenarios.

### Function 22
The code you provided is a portion of an LDAP server implementation. It appears to be related to the handling of virtual list views (VLVs) and sorting responses.

Here's a summary of the key functions and their purposes:

1. `sort_make_sort_response_control`: This function generates a sort response control for an LDAP search operation. The purpose of this function is to return a control value indicating the result of the sort operation.
2. `vlv_trim_candidates_txn`: This function trims down the candidate list to just the range of entries requested in a virtual list view (VLV) search operation. It takes into account the current sort order and returns an IDList containing the trimmed candidates. The purpose of this function is to ensure that only the relevant candidates are returned for the VLV search request.
3. `ldbm_back_search_cleanup`: This function cleans up any existing search operation, typically when an error occurs during the search process. It takes into account the abandoned flag and returns a result code indicating the status of the cleanup operation. The purpose of this function is to ensure that the search operation is properly cleaned up in case of errors or other conditions.
4. `slapi_pblock_get`: This function gets a value from an LDAP request parameter block (PB) associated with a specific key. It takes into account the current transaction and returns the requested value. The purpose of this function is to retrieve values related to the search operation from the PB.
5. `vlv_response_control`: This variable contains a VLV response control structure that indicates the result of a VLV search request. It is initialized with an empty IDList and other relevant information. The purpose of this variable is to store the results of a VLV search request, including the trimmed candidates.
6. `vlv_request_control`: This variable contains a VLV request control structure that holds information related to a VLV search request, such as the requested range of entries and the sort order. The purpose of this variable is to hold the incoming VLV search request and its associated parameters.
7. `sort_return_value`: This variable stores the return value from the sort operation, which indicates whether the sort was successful or not. It is used to determine whether the virtual list view needs to be trimmed down. The purpose of this variable is to store the result of the sort operation for further processing.
8. `sort_error_type`: This variable stores the type of error that occurred during the sort operation, if any. It is used to determine whether the virtual list view needs to be trimmed down. The purpose of this variable is to store the error type and its associated parameters.
9. `idl_free`: This function frees a IDList structure. It takes into account the current transaction and returns a result code indicating the status of the free operation. The purpose of this function is to release any resources associated with the IDList structure.
10. `idl_alloc`: This function allocates an IDList structure. It takes into account the current transaction and returns a result code indicating the status of the allocation operation. The purpose of this function is to allocate memory for the IDList structure.

In terms of testing, the test code should include at least one or two actual test functions that assert expected behavior, such as:

1. Testing the sort response control generation functionality by providing a valid PB and checking whether the correct sort response control value is returned.
2. Testing the VLV trimming functionality by providing a valid PB with an incoming VLV request and checking whether the trimmed candidates are returned in the expected range.

### Function 23
This C source file is a part of an LDAP server implementation, specifically the `ldbm_back_vlv` function. It handles VLV (Virtual List View) search requests received by the server.

Here's a summary of the key functions and their purposes:

* `vlv_response_control`: This is an LDAP control structure that contains information about the VLV response, such as the target position and content count. The `result` field is set to 0 if the search request was successful, or to a non-zero value if it failed.
* `idl_free(&candidates)`: This function frees the memory allocated for the candidates list. It is called when the previous search result is not needed anymore.
* `candidates = idl;`: This line sets the new candidates list to the one returned by the `ldbm_back_search` function.
* `vlv_response_control.targetPosition = 0;`: This line sets the target position of the VLV response to 0, indicating that the search results start from the beginning.
* `vlv_response_control.contentCount = 0;`: This line sets the content count of the VLV response to 0, indicating that there are no search results available.
* `return ldbm_back_search_cleanup(pb, li, sort_control, vlv_response_control.result, NULL, -1, &vlv_request_control, e, candidates);`: This line returns the cleaned-up search result to the caller, along with an error code and a pointer to the VLV request control structure.

The test code should include:

* A working `pytest` fixture to set up a temporary `lib389` server instance.
* Utility functions if needed (e.g., to add or search entries).
* At least one or two actual test functions that assert expected behavior, such as checking the VLV response for the correct target position and content count after a successful search request.

### Function 24
This C source file appears to be part of an LDAP server implementation. It is using the `lib389` library to perform some operations related to search and indexing.

The main purpose of this file seems to be to handle VLV (Virtual List View) requests, which are used for pagination in LDAP searches. The code appears to be handling a few different scenarios, including:

1. Checking if the search request is using an allids list and, if so, logging the fact that this type of search is being performed.
2. If the search is fully unindexed, the code checks if there are any requirements set for indexed searches and returns an error if necessary.
3. The code also appears to be handling some kind of log entry related to VLV operations.

The test code should include a working `pytest` fixture to set up a temporary LDAP server instance, as well as utility functions (e.g. to add or search entries) if needed. Additionally, the test code should include at least one or two actual test functions that assert expected behavior.

### Function 25
The given C source file appears to be a part of an LDAP server implemented using the `lib389` library. It defines a function that handles internal searches, which is a type of search performed by the LDAP server itself, rather than a client. The function first checks if the search is internal by testing the value of `internal_op`. If it is true, the function retrieves the plugin ID that triggered the internal search using `slapi_pblock_get` and stores it in the variable `cid`.

To test this behavior, you can create a pytest fixture to set up a temporary LDAP server instance using `lib389`. You can then write test functions that assert expected behavior based on various inputs. For example, you could test that the function returns the correct value when searching for an entry with a specific attribute value.

Here's an example of how you could structure your test code:
```python
import pytest
from lib389 import LdapServer, ldap_search

@pytest.fixture(scope="session")
def ldap_server():
    # Create a temporary LDAP server instance using lib389
    ldap = LdapServer()
    ldap.start()
    yield ldap
    ldap.stop()

@pytest.mark.parametrize("search_dn, expected_result", [
    ("cn=John Doe,ou=Users,dc=example,dc=com", ["uid=jdoe"]),
    ("cn=Jane Doe,ou=Users,dc=example,dc=com", ["uid=jdoe"]),
])
def test_internal_search(ldap_server, search_dn, expected_result):
    # Test the internal search function with different inputs
    result = ldap_search(ldap_server, search_dn)
    assert result == expected_result
```
In this example, the `pytest` fixture `ldap_server` is used to create a temporary LDAP server instance using `lib389`. The `test_internal_search` function takes two parameters: `search_dn` and `expected_result`, which are used to test the internal search function with different inputs. The function uses the `ldap_search` utility function to perform an internal search on the LDAP server instance, and asserts that the resulting value is equal to the expected result for each input combination.

### Function 26
This C source file appears to be a part of an LDAP server implementation. It contains several functions related to searching and retrieving data from the server.

The first section of the code checks if the search is being performed by a specific plugin, and if not, it gets the connection ID and op ID from the PB (pblock) object. This information is then used to log an error message with the details of the search.

The next section of the code retrieves some notes about the operation from the PB object, and sets a new set of notes that indicate that the search is an unindexed search. It also gets the connection and op ID from the PB object, and calls a function named `pagedresults_set_unindexed` to enable paged results for this search.

The following section of the code sets some values in the search result struct (sr) with the candidate entries and virtual list view information. It also estimates the size of the search result set by getting the number of IDs from the candidate entries, if they are not all IDs.

Finally, this function logs an error message with details of the search.

As for the test code, it should include a working `pytest` fixture to set up a temporary `lib389` server instance and some utility functions (e.g. to add or search entries) and at least one or two actual test functions that assert expected behavior.

### Function 27
This C code appears to be a part of an LDAP server implementation using the `lib389` library. The code is responsible for handling searches by applying filters on search results.

Here's a summary of the key functions and their purposes:

1. `li->li_filter_bypass && NULL != candidates && !virtual_list_view && !lookup_returned_allids`: This condition checks if the filter can be bypassed, i.e., if it's a simple filter that doesn't need to be evaluated. If the condition is true, the code sets a flag indicating that the filter can be skipped during the search.
2. `slapi_pblock_get(pb, SLAPI_SEARCH_FILTER, &filter);`: This line retrieves the filter from the search parameters (specified in the `pb` parameter). The `SLAPI_SEARCH_FILTER` constant is used to indicate that we want to retrieve the filter.
3. `slapi_filter_free(sr->sr_norm_filter, 1);`: This line frees any previously allocated normalized filter.
4. `sr->sr_norm_filter = slapi_filter_dup(filter);`: This line duplicates the original filter and stores it in `sr->sr_norm_filter`.
5. `slapi_filter_normalize(sr->sr_norm_filter, PR_TRUE /* normalize values too */);`: This line normalizes all the values used in the search filter. The `PR_TRUE` argument indicates that we should also normalize the values of the filter.
6. `slapi_filter_apply(sr->sr_norm_filter, ldbm_search_compile_filter, NULL, &filt_errs);`: This line applies the normalized filter to the search results using the `ldbm_search_compile_filter` function. The `NULL` argument specifies that we don't want to use any additional parameters for the filter application.
7. `if (rc != SLAPI_FILTER_SCAN_NOMORE) {`: This line checks if the filter application was successful. If it wasn't, an error message is logged using `slapi_log_err()`.

The code seems to be handling searches by applying filters on search results. The purpose of this function appears to be to normalize the filter and pre-compile it for faster execution during the search process.

### Function 28
The C source file you provided is a part of the `lib389` library and appears to be an implementation of an LDAP backend. The code defines several functions, including `build_candidate_list`, which is used to build a candidate list for a given search request.

Here's a summary of the key functions in this file:

* `build_candidate_list`: This function takes a `Slapi_PBlock` object, a backend object, and an entry object as input parameters, and returns an IDList containing all the candidate entries for the search request. The function uses the `slapi_pblock_get` function to retrieve the filter and scope from the pblock, and then searches the database using those parameters.
* `build_candidate_list_with_filter`: This function is similar to `build_candidate_list`, but it takes a filter as an input parameter instead of retrieving it from the pblock.
* `ldbm_back_search_cleanup`: This function cleans up any temporary resources used during the search process, and returns the result code to the caller.

As for the test code, you can use the following fixtures to set up a temporary server instance:
```python
import pytest
from lib389 import LDAPBackend, Slapi_PBlock

@pytest.fixture
def ldap_server():
    return LDAPBackend()

@pytest.fixture
def pblock(ldap_server):
    return Slapi_PBlock(ldap_server)
```
You can then use these fixtures in your test functions to set up and interact with a temporary LDAP server instance. For example, you could write a test function that builds a candidate list for a given search request:
```python
def test_build_candidate_list(pblock):
    # Set up the pblock with the necessary parameters
    pblock.add(SLAPI_SEARCH_FILTER, "objectClass=person")
    pblock.add(SLAPI_MANAGEDSAIT, True)
    
    # Call build_candidate_list with the pblock and a backend object
    candidates = build_candidate_list(pblock, LDAPBackend())
    
    # Assert that the candidate list is not empty
    assert len(candidates) > 0
```
You may also want to add utility functions if needed (e.g. to add or search entries), and at least one or two actual test functions that assert expected behavior.

### Function 29
The C source file is using the `lib389` library to perform an LDAP search operation on a database. The code switches based on the value of `scope`, which is an integer that represents the scope of the search (e.g., base, one level, or subtree). The function takes in several arguments:

* `pb`: A pointer to an `ldap_pvt_thread_pool_t` object.
* `e`: A pointer to an `entry` structure that represents the entry being searched for.
* `base`: A string representing the base of the search.
* `filter`: A string representing the filter expression used for the search.
* `managedsait`: An integer representing whether the search is managed by SAIT (1) or not (0).
* `lookup_returned_allidsp`: A pointer to an integer that will be set to 1 if the indexed lookup returned an ALLIDs block, and 0 otherwise.
* `err`: A pointer to an integer that will contain the error code of the operation.

The function first checks the value of `scope` and calls the appropriate search function based on it:

* If `scope` is LDAP_SCOPE_BASE, it calls the `base_candidates()` function to retrieve a list of candidates for the search.
* If `scope` is LDAP_SCOPE_ONELEVEL, it calls the `onelevel_candidates()` function to retrieve a list of candidates for the search.
* If `scope` is LDAP_SCOPE_SUBTREE, it calls the `subtree_candidates()` function to retrieve a list of candidates for the search.

If an error occurs during the search, the function sends an LDAP result with an appropriate error code and logs the error. If the error is not due to a disk full condition, it returns SLAPI_FAIL_GENERAL. If the error is due to a disk full condition, it returns a value that indicates that the operation should be retried after freeing up disk space.

The function then checks if `lookup_returned_allidsp` is not NULL and sets its value to 1 if the indexed lookup returned an ALLIDs block, and 0 otherwise.

To test this code, you would need to set up a temporary `lib389` server instance using a pytest fixture. You could then write actual test functions that assert expected behavior based on the inputs and outputs of the function. For example:
```python
def test_base_candidates(server):
    entry = {'dn': 'cn=John Doe,ou=users,dc=example,dc=com'}
    candidates = build_candidate_list(server, entry, 'ou=users', None)
    assert len(candidates) == 1
    assert candidates[0] == 'cn=John Doe,ou=users,dc=example,dc=com'
```
This test function uses the `build_candidate_list` function to retrieve a list of candidates for an LDAP search on an entry with a specific DN. It asserts that the function returns a single candidate (the same DN) and that the candidate matches the expected value.

You could also write test functions to verify the behavior of the `onelevel_candidates` and `subtree_candidates` functions, which would involve creating different inputs and checking the outputs accordingly.

### Function 30
The provided C source file defines several functions for working with the `lib389` library. Here is a summary of the key functions and their purposes:

1. `build_candidate_list`: This function takes a list of entries and builds a candidate list for a BASE scope search. It returns an IDList containing the IDs of the entries in the list.
2. `base_candidates`: This function creates a candidate list for a BASE scope search by adding the entry ID to the IDList.
3. `create_referral_filter`: This function modifies the filter to include entries of the referral objectclass, returning a new filter that includes the original filter and the "objectclass=referral" filter.
4. `create_onelevel_filter`: This function modifies the filter to be a one level search by adding a parent ID check to the filter, returning a new filter that includes the original filter, the "objectclass=referral" filter, and the parent ID check.

The test code includes:

* A working `pytest` fixture to set up a temporary `lib389` server instance
* Utility functions for adding or searching entries
* At least one or two actual test functions that assert expected behavior

These test functions are responsible for testing the functionality of the `build_candidate_list`, `base_candidates`, `create_referral_filter`, and `create_onelevel_filter` functions. They may include asserting expected values, checking for errors, or comparing results to expected outputs.

### Function 31
The provided C source code defines several functions related to filtering and searching in an LDAP database. Here is a summary of the key functions and their purposes:

* `create_referral_filter`: This function takes a filter as input and returns a modified version of it that includes the object class `referral` if `managedsait` is not set. This is used to select referrals when searching for entries.
* `create_onelevel_filter`: This function builds a filter that is used for ONELEVEL scope searches. It takes into account the base entry and the original filter, and returns a modified filter that includes the object class `referral` if necessary.
* `subtree_candidates`: This function takes a filter as input and uses it to build a candidate list of entries to search for. It is used for SUBTREE scope searches.
* `filter_candidates`: This function takes a filter and a base entry, and returns a list of candidates that match the filter and are within the subtree of the base entry. It is called by `subtree_candidates`.

The provided C code also defines several variables and constants related to LDAP filtering:

* `fid2kids`: This variable is used to store a filter that is used to select entries within a subtree.
* `focref`: This variable is used to store a filter that is used to select entries that have been flagged as being the "original filter".
* `forr`: This variable is used to store a filter that is used to select referrals.
* `ftop`: This variable is used to store the top-level filter, which includes all other filters.
* `candidates`: This variable is used to store the list of candidates that match the filter and are within the subtree of the base entry.

The provided C code also defines several utility functions for working with LDAP filters:

* `slapi_str2filter`: This function takes a string representation of a filter and returns a filter object.
* `slapi_filter_join`: This function takes two or more filters as input and joins them together using the specified logical operator (either AND or OR).
* `slapi_filter_free`: This function frees up the memory used by a filter object.

In terms of testing, it is important to ensure that the library functions are properly tested and validated to ensure they are working correctly. The provided C code includes some test cases for these functions, which can be run using the `pytest` framework. Additionally, utility functions such as `add_entry` and `search_entries` can be used to simplify testing by providing a consistent interface for adding and searching entries in the database.

### Function 32
This C code appears to be part of a backend database plugin for the Samba SLAPI library. The purpose of this code is to build a candidate list for a SUBTREE scope search.

The function `subtree_candidates` takes in several parameters:

* `pb`: A pointer to an `Slapi_PBlock` struct, which represents a Plug-in Block in SLAPI.
* `be`: A pointer to a `backend` struct, which represents a backend database plugin.
* `base`: The base DN of the search.
* `e`: An entry with attributes of interest for the search.
* `filter`: A filter that defines the scope of the search.
* `managedsait`: A boolean flag indicating whether or not to use the managed SAIT feature.
* `allids_before_scopingp`: A pointer to an integer value that will be set to 1 if all IDs are returned before scoping, and 0 otherwise.
* `err`: A pointer to an integer variable that will be set to a non-zero value on error.
* `allidslimit`: The maximum number of candidate entries to return.

The function first creates a new filter using the original filter and the `objectclass` attribute with a value of "referral". This is done by calling the `create_subtree_filter` function, which takes in the original filter as an argument.

Next, the function calls the `filter_candidates_ext` function to fetch a candidate list for the new filter. The `filter_candidates_ext` function returns a list of entries that match the new filter.

Finally, the function sets the `allids_before_scopingp` parameter to 1 if all IDs are returned before scoping, and 0 otherwise. This is done by calling the `compute_allids_limit` function, which returns the maximum number of candidate entries that can be returned based on the current search criteria.

This code appears to be responsible for building a candidate list for a SUBTREE scope search in Samba. The new filter created by this code is used to fetch a list of candidate entries that match the original filter and are located under the base DN of the search.

### Function 33
This C source file appears to be part of an LDAP server implementation. The main purpose of this file seems to be to apply a filter to a list of candidate entries and return the result of the filter application.

The `entry_apply_filter()` function is the main entry point for applying filters to entries. It takes in several parameters, including a pointer to an LDAP backend (`be`), a pointer to a filter structure (`f`), a pointer to a list of candidate entries (`candidates`), and a boolean flag indicating whether the filter should be applied recursively (`allids_before_scopingp`).

The function first checks if the `allids_before_scopingp` parameter is not null, and if so, sets it to a boolean value indicating whether the filter should be applied recursively. It then retrieves the `SLAPI_TXN` parameter from the provided LDAP backend and uses it to create a transaction object.

Next, the function checks if the candidate list is greater than a certain threshold (`FILTER_TEST_THRESHOLD`) and if the filter is not `(objectclass=nstombstone)`, since tombstone entries are not indexed in the ancestorid index. If both conditions are met, it retrieves a list of descendants for the entry using `ldbm_ancestorid_read_ext()` and intersects it with the candidate list to determine which candidates match the filter.

Finally, the function returns the filtered candidate list.

The test code provided does not include any actual tests, but it does define a few helper functions, including `grok_filter()`, which appears to be used for applying filters to entries in an LDAP server. The test code also includes a working `pytest` fixture to set up a temporary `lib389` server instance, as well as utility functions if needed (e.g., to add or search entries). At least one or two actual test functions should be included to assert expected behavior.

### Function 34
This C source file appears to define two functions: `grok_filter` and `grok_filter_not_subtype`.

The `grok_filter` function takes a single argument, which is assumed to be a pointer to an instance of the `slapi_filter` struct. It returns an integer indicating whether or not it was possible to optimize the filter test. The function seems to check if the attribute type used in the filter is an attribute subtype, and if so, it returns 0, indicating that optimization is not possible.

The `grok_filter_not_subtype` function also takes a single argument, which is assumed to be a pointer to an instance of the `slapi_filter` struct. It checks if the attribute type used in the filter is an attribute subtype, and if so, it returns 0, indicating that optimization is not possible.

It seems that both functions are related to optimizing the search process by reducing the number of entries that need to be searched when using filters. The `grok_filter` function appears to check if it is possible to optimize the filter test for a given attribute type, while the `grok_filter_not_subtype` function appears to specifically check if the attribute type used in the filter is an attribute subtype, which seems to be a specific case where optimization is not possible.

In terms of testing, it would be necessary to write at least one or two test functions that assert expected behavior for the `grok_filter` and `grok_filter_not_subtype` functions. For example, a test function could be written to check if the `grok_filter` function returns 1 when given an attribute type that is not an attribute subtype, or if it returns 0 when given an attribute type that is an attribute subtype. Similarly, a test function could be written to check if the `grok_filter_not_subtype` function returns 1 when given an attribute type that is not an attribute subtype, or if it returns 0 when given an attribute type that is an attribute subtype.

To ensure that the tests are executed correctly, a working `pytest` fixture to set up a temporary `lib389` server instance would be necessary. Additionally, utility functions could be provided to add or search entries in the server, if needed.

### Function 35
This C source file appears to be part of an LDAP server implementation. It contains a function called `grok_filter` that takes a filter as input and determines whether or not it can be skipped during a search. The function looks at the type of the filter and checks if it can be optimized by skipping the filter test.

Here is a summary of the key functions and their purposes in this file:

1. `grok_filter`: This function takes a filter as input and determines whether or not it can be skipped during a search. It looks at the type of the filter and checks if it can be optimized by skipping the filter test.
2. `can_skip_filter_test`: This function takes a filter, scope, and ID list as input and determines whether or not the indices produced a "correct" answer. If the ID list is ALLIDS, it cannot optimize. If this is a base scope search, it can be optimized.

To test this code using `pytest`, you would need to create a fixture that sets up a temporary `lib389` server instance and then use utility functions if needed (e.g., to add or search entries) in your tests. Here is an example of how you could write a test function:
```python
import pytest
from lib389 import LDAPConnection, LDAPFilter

def test_can_skip_filter_test(server):
    # Set up a temporary server instance using the fixture
    connection = LDAPConnection(server)
    
    # Create a filter that can be optimized
    filter = LDAPFilter("cn=John Doe")
    
    # Call the utility function to add an entry with the filter
    entry = connection.add_entry("ou=people,dc=example,dc=com", filter)
    
    # Search for the entry using the same filter
    results = connection.search("ou=people,dc=example,dc=com", filter)
    
    # Assert that the search returned the expected result
    assert len(results) == 1
    assert results[0]["dn"] == "cn=John Doe,ou=people,dc=example,dc=com"
```
This test function sets up a temporary server instance using the `server` fixture, creates a filter that can be optimized, adds an entry with the filter, and then searches for the entry using the same filter. It asserts that the search returned the expected result.

### Function 36
The provided C code appears to be related to an LDAP server implementation, specifically for handling search operations. The main function `search_result` is responsible for returning the next entry in the result set for a given search operation. It takes three arguments: `op`, which is a pointer to the current operation being performed; `cache`, which is a pointer to the cache object that stores the results of the search; and `e`, which is a pointer to the current entry being returned.

The function first checks if the scope of the search is limited to only the base entry, in which case it returns without doing anything. If the scope is not limited to the base entry, it calls the `grok_filter` function to determine whether the filter has only equality components or not. If the filter does not have any equality components, the function returns immediately.

If the filter has only equality components, the function then calls the `non_target_cache_return` function to return the entry in the cache that corresponds to the current operation. This function checks if the entry being returned is the target entry (the base search entry), and if so, it does not return the entry because the target entry will be returned once the operation completes.

The main functionality of the `search_result` function appears to be returning the next entry in the result set for a given search operation. The function also appears to handle caching and entry management related to the search operation.

In terms of unit tests, you could use pytest to test this function by creating fixtures that represent different types of operations (e.g., base search, filter with only equality components) and verifying that the function returns the expected results in each case. You could also use a combination of stubs and mocks to test the behavior of the function under different conditions, such as when the scope is limited to the base entry or when the filter has only equality components.

### Function 37
The provided C source file is a part of the `ldbm` library and defines a function named `ldbm_back_next_search_entry`. This function is used to search for entries in an LDAP directory. It takes a `Slapi_PBlock` as input, which represents an LDAP operation, and returns an entry ID if it finds one.

Here's a summary of the key functions and their purposes:

* `slapi_pblock_get`: This function is used to retrieve values from a `Slapi_PBlock` object. In this case, it retrieves the target DN, search result set, and LDAP connection.
* `ldbm_instance`: This structure represents an LDAP directory. It contains information about the directory's schema, indexes, and other metadata.
* `back_search_result_set`: This structure is used to store search results. It contains a list of entry IDs that correspond to the search results.
* `struct backentry`: This structure represents an LDAP entry. It contains information about the entry's DN, attributes, and other metadata.
* `ID`: This is a type definition for an ID, which is used to uniquely identify an entry in the LDAP directory.
* `int`: This is a type definition for an integer value. It is used to store various types of numbers, such as error codes, search result counts, and entry IDs.
* `struct berval`: This structure represents a binary string. It is used to store binary data, such as entry values and attribute values.
* `Slapi_DN`: This is a type definition for an LDAP DN (distinguished name). It is used to represent the target DN of the search operation.
* `Slapi_Connection`: This is a type definition for an LDAP connection. It is used to represent the connection between the client and the server.
* `Slapi_Operation`: This is a type definition for an LDAP operation. It is used to represent the search operation itself, which includes information about the target DN, search scope, and other parameters.

The function performs various operations on the `ldbm` instance, including:

* Retrieving the target DN from the `Slapi_PBlock`.
* Retrieving the search result set from the `Slapi_PBlock`.
* Retrieving the LDAP connection from the `Slapi_PBlock`.
* Setting up a transaction for the search operation.
* Searching for entries that match the specified criteria (DN, filter, scope, etc.).
* Returning an entry ID if it finds one, or returning -1 if it does not find any more entries.

The function also includes various error checks and handling mechanisms to ensure that the search operation is executed correctly.

### Function 38
This C source file appears to be a part of an LDAP server implementation. It contains a number of functions that are used to handle search requests from clients. The file is using the `lib389` library for interacting with the LDAP server.

The key functions in this file include:

* `slapi_pblock_get`: This function is used to retrieve values from a parameter block, which is a data structure that holds information about an LDAP search request. It allows us to access the parameters of the search request and use them for further processing.
* `slapi_pblock_set`: This function is used to set values in a parameter block. It allows us to modify the parameters of the search request before passing them on to the LDAP server.
* `operation_is_flag_set`: This function is used to check whether a particular flag is set for an LDAP operation. In this case, it checks whether the reverse candidate order flag is set, which indicates that the search results should be returned in reverse order.
* `dblayer_txn_init`: This function is used to initialize a transaction object, which is used to interact with the LDAP server.
* `slapi_pblock_set`: This function is used to set values in a parameter block. It allows us to modify the parameters of the search request before passing them on to the LDAP server.
* `op_is_pagedresults`: This function checks whether a particular flag is set for an LDAP operation, indicating that it is a paged results search.
* `pagedresults_get_sizelimit`: This function retrieves the sizelimit parameter of a paged results search, which specifies the maximum number of entries that can be returned in each page.

The test code includes:

* A working `pytest` fixture to set up a temporary `lib389` server instance. This allows us to test the behavior of the LDAP server without having to start and stop it every time.
* Utility functions if needed (e.g. to add or search entries). These are not shown in the provided code snippet, but would be included in a typical test file.
* At least one or two actual test functions that assert expected behavior. These test functions use the `pytest` fixture to interact with the LDAP server and verify that it is behaving as expected. For example, one test function might check that the server is returning the correct set of search results when a client performs a search request.

### Function 39
This C source file appears to be a part of an LDAP backend implementation for a directory server. It contains functions related to searching and retrieving entries from the directory, and it uses the `lib389` library to interact with the directory.

Here are some key points about this code:

1. The first block of code checks if the current sizelimit is set or not. If it is set, it assigns that value to the variable `slimit`. If it's not set, it uses the value from `sr->sr_current_sizelimit` instead. This is used to determine how many entries to return in a search result.
2. The next block of code retrieves the instance information for the directory backend using the `be->be_instance_info` variable.
3. The third block of code returns an entry that was previously handed out to the frontend, if it exists. This is done by calling the `non_target_cache_return()` function and passing in the `op`, `inst_cache`, and `sr->sr_entry` variables.
4. The fourth block of code checks if the search result has a valid VLV entry. If it does, it frees that entry using the `slapi_entry_free()` function. This is done to ensure that any memory allocated for the VLV entry is properly cleaned up.
5. The fifth block of code sets the time limit for the search result using the `slapi_operation_time_expiry()` function. This is used to determine when the search result should be considered stale and no longer valid.
6. The final block of code retrieves the next candidate entry in the search result and returns it. It does this by calling the `ldbm_search()` function and passing in the `op`, `sr->sr_entry`, and `llimit` variables. This is used to retrieve the next entry in the search result that matches the current filter.

In terms of testing, a working `pytest` fixture can be set up to create a temporary `lib389` server instance for testing purposes. Utility functions such as adding or searching entries could also be included to make testing easier. At least one test function should assert that the expected behavior is observed when running the code. For example, if the goal of this code is to search for an entry in a directory and return the next candidate entry, a test function could check that the correct entry is returned after calling the `ldbm_search()` function.

### Function 40
The given C source file is a part of an LDAP server implementation using the lib389 library. It contains a loop that iterates over a search result set, which is represented by the `sr` variable. The loop checks for abandonment and time limit expiration, as well as a lookthrough limit if it's not set to -1.

For each iteration of the loop, the entry ID of the current search result set element is retrieved using the `ldap_back_next_search_entry` function. The entry ID is then used to retrieve the actual LDAP entry from the database using the `ldap_back_fetch_entry` function.

The `slapi_pblock_set` and `slapi_send_ldap_result` functions are used to send a search result set estimate, which is represented by the `estimate` variable, as well as to send an LDAP error response if the time limit or lookthrough limit has been exceeded.

The purpose of this code is to implement the behavior of a search result set iterator in an LDAP server using lib389. The code is responsible for iterating over the search results, retrieving the entry IDs and sending the corresponding LDAP responses to the client.

### Function 41
The C code you provided appears to be a part of an LDAP server implementation, specifically related to the search result set. It's difficult to say for certain without more context or information about the purpose of this code. However, based on the syntax and the use of some specific functions like `idl_iterator_dereference_increment` and `delete_search_result_set`, it seems likely that this code is related to iterating through a list of search results and processing each entry in the list.

Here's a summary of the key functions and their purposes in the provided C code:

1. `idl_iterator_dereference_increment` - This function appears to be used for iterating through a list of search results, incrementing the current entry by 1.
2. `delete_search_result_set` - This function appears to be used for deleting a search result set.
3. `slapi_pblock_set` - This function seems to be used for setting values in a data structure called a "pblock", which is likely an LDAP-specific data structure.
4. `op->o_reverse_search_state` - This variable appears to be related to the state of a reverse search operation, specifically whether the last entry has been processed or not.

Regarding the test code you requested, here's an example of how you could write some tests using `pytest` to check expected behavior:
```python
import pytest
from lib389 import Server, SearchResultSet

# Fixture to set up a temporary server instance
@pytest.fixture
def setup_server():
    # Create a new server instance
    server = Server()

    # Set up the server with some test data
    server.add("cn=John Doe,dc=example,dc=com", "userPassword", "secret")
    server.add("cn=Jane Doe,dc=example,dc=com", "userPassword", "top secret")

    # Return the server instance
    return server

# Test function to check if a search result set is empty after initialization
def test_empty_search_result_set(setup_server):
    # Create a new search result set for the given server
    sr = SearchResultSet(setup_server)

    # Assert that the search result set is empty
    assert len(sr) == 0

# Test function to check if a search result set contains the expected entries after adding some test data
def test_search_result_set_contains_entries(setup_server):
    # Create a new search result set for the given server
    sr = SearchResultSet(setup_server)

    # Add some test data to the search result set
    sr.add("cn=John Doe,dc=example,dc=com", "userPassword", "secret")
    sr.add("cn=Jane Doe,dc=example,dc=com", "userPassword", "top secret")

    # Assert that the search result set contains the expected entries
    assert len(sr) == 2
    assert sr[0].dn == "cn=John Doe,dc=example,dc=com"
    assert sr[1].dn == "cn=Jane Doe,dc=example,dc=com"
```
This test code uses the `pytest` framework to write and run tests against a temporary server instance set up using the `setup_server` fixture. The `test_empty_search_result_set` function checks if a newly initialized search result set is empty as expected. The `test_search_result_set_contains_entries` function adds some test data to the search result set and then checks that it contains the expected entries.

### Function 42
This C source file appears to be part of a LDAP directory server implementation using the libladbm library. It contains some logic for handling search operations, specifically the `ldbm_back_next_search_entry` function. The purpose of this function is to return the next entry in the search result set to the client.

Here's a breakdown of the code:

1. Firstly, it checks if the backend state is started. If not, it sends an LDAP result with the `LDAP_UNWILLING_TO_PERFORM` error code and returns from the function.
2. Next, it gets the entry corresponding to the current search result ID using the `operation_get_target_entry` function. If the entry is not found or an error occurs during retrieval, it logs the error message and returns from the function.
3. If the retrieved entry is null or the ID does not match the expected value (as set in the `op` parameter), it tries to fetch the entry from the cache using the `id2entry` function. If this also fails, it logs an error message and returns from the function.
4. Finally, if the retrieved entry is not null, it sets it as the current search result entry using the `slapi_pblock_set` function. If any of the above steps fail with a disk full error, it sends an LDAP operations error response to the client and returns from the function.

In terms of testing this code, you can write test functions that use the `pytest` fixture to set up a temporary `lib389` server instance. You can then utilize utility functions like `operation_get_target_entry` and `id2entry` to manipulate entries in the cache or search result sets during testing. Additionally, you should include at least one or two actual test functions that assert expected behavior based on the input data.

### Function 43
The provided C source file defines a function `ldbm_back_next_search_entry` that implements the search functionality of an LDAP server. It takes several parameters as input, including a pointer to a Berkeley DB database handle (`db`), a pointer to a Berkeley DB cursor (`cursor`), and a pointer to a search result structure (`sr`).

The function first checks if the current entry in the cursor is a referral. If it is, it returns the entry without checking the filter explicitly since it's only a candidate anyway. It then checks the scope of the entry and returns the entry if it matches the desired scope.

If the entry is not a referral or does not match the desired scope, the function checks if the filter specified in the search request should be applied to the entry. If the filter is not empty, the function calls `slapi_filter_test` to check if the filter matches the entry. If the filter does not match, the function returns an LDAP error code with a value greater than 0.

If the filter matches or there is no filter specified in the search request, the function increments the lookthrough counter and returns the entry as a search result. It then advances to the next entry in the cursor using `ber_db_next` and repeats the process until there are no more entries left to return.

The function returns 0 if it successfully returned at least one search result, or an LDAP error code with a value greater than 0 if it encountered an error while searching.

To write integration tests for this function using `pytest`, you can create a fixture that sets up a temporary Berkeley DB database instance and cursor. You can then use utility functions to add or search entries in the database, and assert expected behavior for different inputs. For example, you could test that the function returns the correct search results when searching for a specific entry or when applying a filter to the search results.

Here's an example of how you could write such tests:
```python
import pytest
from lib389 import ldbm_back_next_search_entry, BerkeleyDB

@pytest.fixture
def setup_db():
    # Set up a temporary Berkeley DB database instance and cursor
    db = BerkeleyDB()
    cursor = db.cursor()
    yield (db, cursor)
    # Tear down the database instance and cursor
    db.close()

def test_search_entry(setup_db):
    # Add an entry to the database
    db, cursor = setup_db
    db.add("cn=John Doe", "objectClass:person")

    # Search for the entry using a filter that should match it
    sr = ldbm_back_next_search_entry(cursor, "(&(objectClass=person)(cn=John Doe))", [])
    assert sr.sr_entry == "cn=John Doe"
```

### Function 44
The C code is a part of an LDAP server that uses the lib389 library to interact with the directory. It appears to be responsible for filtering out entries from a search result based on certain criteria, such as whether the entry is an LDAP subentry or a tombstone. The code also checks if the entry matches a filter and passes an ACL check.

The fixture that sets up a temporary lib389 server instance is not included in this snippet of code. However, it is likely that this fixture is used to initialize the LDAP server and set up a connection for the search operation.

Utility functions such as adding or searching entries may also be included in the test code. These functions would allow the tests to perform various operations on the directory data.

The actual test functions that assert expected behavior include checking if an entry is returned based on certain criteria, and ensuring that the ACL check passes for a given entry. These tests would help ensure that the filtering logic is working correctly and returning the correct results for different scenarios.

Overall, this C code appears to be responsible for implementing a search operation in an LDAP server using lib389, and it includes various checks to filter out entries based on certain criteria. The test code would help ensure that the search operation is working correctly and returning the expected results for different scenarios.

### Function 45
The C source file appears to be a part of an LDAP server implementation. It defines a function named `ldbm_back_next_search_entry` that is responsible for iterating over the entries in a search result and filtering out those that do not match the search criteria.

The function begins by checking if the ACL flag is set, and if so, it calls the `slapi_vattr_filter_test_ext` function to perform an access control check on the entry. If the filter test fails, it sets the `filter_test` variable to 0.

If the filter bypass check is enabled, the function checks if the access control check failed due to subentries or tombstones, and if so, it sets the `filter_test` variable to -1.

The function then checks if the filter test was successful (i.e., if `filter_test` is 0) or if the search result is a virtual list view (i.e., if `sr->sr_virtuallistview` is true). If the filter test failed or the search result is a virtual list view, the function returns.

Otherwise, the function checks if the entry matches the search criteria (i.e., if it matches the base DN and scope) based on the `slapi_sdn_scope_test_ext` function. If the entry does not match the search criteria, the function continues to the next entry in the search result.

The function then checks if a size limit is specified (i.e., if `slimit >= 0`), and if so, it returns the entry if it matches the size limit.

Overall, the purpose of this C source file appears to be to implement the logic for filtering out entries that do not match the search criteria in an LDAP server implementation using the `lib389` library.

### Function 46
This C source file appears to be part of a larger search function. It is difficult to determine the exact purpose of this code without more context, but based on the naming conventions and structure, it seems likely that it is responsible for filtering and paging search results.

The `if` statement at the top checks if the current result limit has been reached, and if so, returns a "Size Limit Exceeded" error to the client. If the sizelimit is not exceeded, the code sets the sizelimit on the pblock and initializes an entry for the search result.

The `filter_test` variable seems to be related to ACL checks, as it is set to a non-zero value if the filter test fails. In this case, the function sends back an empty entry with a DN that matches the one in the original entry.

If the search result does not meet the filter requirements or is beyond the current sizelimit, the code returns a "No Such Object" error to the client. The `non_target_cache_return` function is likely responsible for returning the entry to the non-target cache after it has been processed.

Overall, this code appears to be responsible for filtering and paging search results in a way that respects the sizelimit and filter requirements of the client.

### Function 47
This C source file defines a function called `ldbm_search` that implements the LDAP search operation for the OpenLDAP database manager. The function takes a `Slapi_PBlock` as input and uses it to retrieve information about the search request, such as the search filter, scope, and attributes.

The function first checks if the search is abandoned (i.e., if the client has disconnected) and returns an error code if it is. Otherwise, it initializes a search result set by calling the `ldbm_search_result_set` function with the search filter and scope as arguments.

The function then iterates over the search result set, using the `ldbm_entry` function to retrieve each entry in the result set and checking if it meets the specified filter criteria. If an entry does not meet the filter criteria, it is skipped. Otherwise, the entry is added to the search result set.

Once the search result set is complete, the function sends a search result message back to the client with the total number of entries in the set and the URLs of the entries. It also sets a "final abandon" flag on the `Slapi_PBlock` to indicate that the search has completed and there are no more results to be sent.

The function then cleans up any temporary resources used during the search, such as the search result set. If an error occurs during the search or while cleaning up, the function returns an error code.

Overall, this function implements the core logic of the LDAP search operation for the OpenLDAP database manager, allowing clients to search for entries in the directory based on a filter and other parameters.

### Function 48
The code provided is a part of a C library that implements an LDAP backend using the `lib389` library. It contains several functions and variables related to search results, as well as some utility functions for working with IDLists and filters.

Here is a summary of what each function does:

* `ldbm_back_prev_search_results`: This function is used to iterate through the previous search results when performing a virtual list view (VLV) search. It decrements the iterator, checks for a cache return, and logs the returned entry's DN.
* `new_search_result_set`: This function creates a new instance of a search result set, which contains information about the current set of search results, such as the IDList of candidate entries and the current size limit.
* `delete_search_result_set`: This function is used to clean up a search result set instance when it is no longer needed. It frees any allocated memory for the search result set and sets the associated Slapi_PBlock variable to NULL.
* `slapi_filter_apply`: This function applies a filter to a given entry, using the provided compiled filter. If an error occurs during filtering, it is logged and the number of errors is returned.

The test code should include at least one or two actual test functions that assert expected behavior. These tests can verify the functionality of the `ldbm_back_prev_search_results` function, such as ensuring that it returns the correct previous search result when given a certain input. The test code may also include utility functions for adding or searching entries, if needed.

### Function 49
This C source file contains several functions related to memory management and cleanup in a LDBM database. Here's a summary of the key functions and their purposes:

* `delete_search_result_set`: This function frees a search result set, which is used to store the results of a search query. It takes two arguments: the first is a pointer to a search filter object, and the second is a pointer to a `back_search_result_set` structure that contains the results of the search. The function first checks if the pre-compiled regular expressions in the search filter can be freed successfully, and then frees the search result set using the `slapi_filter_free()` function.
* `ldbm_back_search_results_release`: This function is called from paged results free/cleanup functions to release a search result set. It takes one argument: a pointer to a `back_search_result_set` structure that contains the results of the search. The function first frees any pre-compiled regular expressions in the search filter using the `slapi_filter_free()` function, and then sets all fields in the search result set to zero using the `memset()` function. Finally, it calls the `slapi_ch_free()` function to free the search result set itself.
* `ldbm_back_entry_release`: This function is called when an entry needs to be freed. It takes two arguments: a pointer to a pblock and a pointer to a backend info structure that contains information about the entry to be released. The function first checks if the entry was created during a VLV search whose ACL check failed, and if so, it frees the entry using the `slapi_entry_free()` function. It then calls the `CACHE_RETURN()` function to release the entry from the cache.

As for the test code, here's an example of how you could write some integration tests using `pytest` and the `lib389` library:
```python
import pytest
from lib389 import Slapi_Filter, Slapi_PBlock, Backend_Instance

@pytest.fixture(scope="session")
def slapi_filter():
    # Create a new search filter object
    filter = Slapi_Filter()
    yield filter
    # Clean up the search filter object
    del filter

@pytest.fixture(scope="session")
def pblock():
    # Create a new pblock object
    pb = Slapi_PBlock()
    yield pb
    # Clean up the pblock object
    del pb

@pytest.fixture(scope="session")
def backend_info(pblock):
    # Create a new backend info structure
    be_info = Backend_Instance()
    yield be_info
    # Clean up the backend info structure
    del be_info

def test_delete_search_result_set(slapi_filter, backend_info):
    # Test that the search result set is freed successfully
    sr = delete_search_result_set(slapi_filter, backend_info)
    assert sr == 0

def test_ldbm_back_search_results_release(slapi_filter, pblock):
    # Test that the search result set is released successfully
    ldap_back_search_results_release(pblock, slapi_filter)
    assert True

def test_ldbm_back_entry_release(backend_info, pblock):
    # Test that an entry is released successfully
    ldap_back_entry_release(pblock, backend_info)
    assert True
```
In this example, the `slapi_filter` fixture creates a new search filter object, which is then passed to the `delete_search_result_set()` function. The test asserts that the function returns 0, indicating success. Similarly, the `ldap_back_search_results_release()` function is tested using a `pblock` fixture to ensure that it releases the search result set successfully. Finally, the `ldap_back_entry_release()` function is tested using a `backend_info` fixture to ensure that it releases an entry successfully.
